<?xml version="1.0" encoding="UTF-8"?>
<testng-results ignored="0" total="1" passed="1" failed="0" skipped="0">
  <reporter-output>
  </reporter-output>
  <suite started-at="2023-07-18T16:20:45 BST" name="Suite" finished-at="2023-07-18T16:20:56 BST" duration-ms="10701">
    <groups>
    </groups>
    <test started-at="2023-07-18T16:20:45 BST" name="Test" finished-at="2023-07-18T16:20:56 BST" duration-ms="10701">
      <class name="TestScript.Tests">
        <test-method is-config="true" signature="beforeTest()[pri:0, instance:TestScript.Tests@2d7275fc]" started-at="2023-07-18T16:20:45 BST" name="beforeTest" finished-at="2023-07-18T16:20:45 BST" duration-ms="295" status="PASS">
          <reporter-output>
          </reporter-output>
        </test-method> <!-- beforeTest -->
        <test-method is-config="true" signature="beforeMethod(java.lang.String,java.lang.reflect.Method)[pri:0, instance:TestScript.Tests@2d7275fc]" started-at="2023-07-18T16:20:45 BST" name="beforeMethod" finished-at="2023-07-18T16:20:50 BST" duration-ms="5067" status="PASS">
          <params>
            <param index="0">
              <value>
                <![CDATA[chrome]]>
              </value>
            </param>
            <param index="1">
              <value>
                <![CDATA[public static void TestScript.Tests.sample()]]>
              </value>
            </param>
          </params>
          <reporter-output>
          </reporter-output>
        </test-method> <!-- beforeMethod -->
        <test-method signature="sample()[pri:0, instance:TestScript.Tests@2d7275fc]" started-at="2023-07-18T16:20:50 BST" name="sample" finished-at="2023-07-18T16:20:54 BST" duration-ms="4181" status="PASS">
          <reporter-output>
          </reporter-output>
        </test-method> <!-- sample -->
        <test-method is-config="true" signature="afterMethod(org.testng.ITestResult)[pri:0, instance:TestScript.Tests@2d7275fc]" started-at="2023-07-18T16:20:55 BST" name="afterMethod" finished-at="2023-07-18T16:20:55 BST" duration-ms="278" status="PASS">
          <params>
            <param index="0">
              <value>
                <![CDATA[[TestResult name=sample status=SUCCESS method=Tests.sample()[pri:0, instance:TestScript.Tests@2d7275fc] output={null}]]]>
              </value>
            </param>
          </params>
          <reporter-output>
          </reporter-output>
        </test-method> <!-- afterMethod -->
        <test-method is-config="true" signature="afterTest()[pri:0, instance:TestScript.Tests@2d7275fc]" started-at="2023-07-18T16:20:55 BST" name="afterTest" finished-at="2023-07-18T16:20:56 BST" duration-ms="421" status="PASS">
          <reporter-output>
          </reporter-output>
        </test-method> <!-- afterTest -->
      </class> <!-- TestScript.Tests -->
    </test> <!-- Test -->
  </suite> <!-- Suite -->
</testng-results>
